<?xml version="1.0" encoding="UTF-8"?>
<testsuite xmlns:xsi="http://www.w3.org/2001/XMLSchema-instance" xsi:noNamespaceSchemaLocation="https://maven.apache.org/surefire/maven-surefire-plugin/xsd/surefire-test-report-3.0.xsd" version="3.0" name="TestRunner.Runner" time="40.793" tests="1" errors="0" skipped="0" failures="0">
  <properties>
[...]
</properties>
  <testcase name="runScenario[&quot;Add new customer&quot;, &quot;CustomersScenario: Add new customer&quot;](1)" classname="TestRunner.Runner" time="34.513">
    <system-out><![CDATA[
@Sanity @regression
Scenario: Add new customer                                                               # file:///C:/Users/HP/JavaFullStck/CucumberFramework/./Features/Customers.feature:12
Reading browser name from config file
Browser name is: chrome
  ✔ Given User launch chrome browser                                                     # StepDefinition.StepDef.user_launch_chrome_browser()
  ✔ When User opens URL "https://admin-demo.nopcommerce.com/login?ReturnUrl=%2Fadmin%2F" # StepDefinition.StepDef.user_opens_url(java.lang.String)
  ✔ And User enters Email "admin@yourstore.com" and Password "admin"                     # StepDefinition.StepDef.user_enters_email_and_password(java.lang.String,java.lang.String)
  ✔ And click on Login                                                                   # StepDefinition.StepDef.click_on_login()
  ✔ Then User can view dashboard                                                         # StepDefinition.StepDef.user_can_view_dashboard()
  ✔ When User clicks on Customers menu                                                   # StepDefinition.StepDef.user_clicks_on_customers_menu()
  ✔ And User clicks on Customers menu item                                               # StepDefinition.StepDef.user_clicks_on_customers_menu_item()
  ✔ And User clicks on Add new button                                                    # StepDefinition.StepDef.user_clicks_on_add_new_button()
  ✔ Then User can view customers page                                                    # StepDefinition.StepDef.user_can_view_customers_page()
Add new customer page is displayed successfully.
  ✔ Then User can view add new customer page                                             # StepDefinition.StepDef.user_can_view_add_new_customer_page()
  ✔ When User enters customer information                                                # StepDefinition.StepDef.user_enters_customer_information()
  ✔ And User clicks on save button                                                       # StepDefinition.StepDef.user_clicks_on_save_button()
Customer information is displayed successfully.
  ✔ Then User can view customer information "Customer"                                   # StepDefinition.StepDef.user_can_view_customer_information(java.lang.String)
  ✔ And close browser                                                                    # StepDefinition.StepDef.close_browser()
Tear Down method executed..
]]></system-out>
    <system-err><![CDATA[SLF4J(W): No SLF4J providers were found.
SLF4J(W): Defaulting to no-operation (NOP) logger implementation
SLF4J(W): See https://www.slf4j.org/codes.html#noProviders for further details.
Aug 27, 2025 3:04:20 PM org.openqa.selenium.devtools.CdpVersionFinder findNearestMatch
WARNING: Unable to find an exact match for CDP version 139, returning the closest version; found: 138; Please update to a Selenium version that supports CDP version 139
Aug 27, 2025 3:04:42 PM org.openqa.selenium.remote.http.WebSocket$Listener onError
WARNING: Connection reset
java.net.SocketException: Connection reset
	at java.base/sun.nio.ch.SocketChannelImpl.throwConnectionReset(SocketChannelImpl.java:401)
	at java.base/sun.nio.ch.SocketChannelImpl.read(SocketChannelImpl.java:434)
	at java.net.http/jdk.internal.net.http.SocketTube.readAvailable(SocketTube.java:1178)
	at java.net.http/jdk.internal.net.http.SocketTube$InternalReadPublisher$InternalReadSubscription.read(SocketTube.java:841)
	at java.net.http/jdk.internal.net.http.SocketTube$SocketFlowTask.run(SocketTube.java:181)
	at java.net.http/jdk.internal.net.http.common.SequentialScheduler$SchedulableTask.run(SequentialScheduler.java:207)
	at java.net.http/jdk.internal.net.http.common.SequentialScheduler.runOrSchedule(SequentialScheduler.java:280)
	at java.net.http/jdk.internal.net.http.common.SequentialScheduler.runOrSchedule(SequentialScheduler.java:233)
	at java.net.http/jdk.internal.net.http.SocketTube$InternalReadPublisher$InternalReadSubscription.signalReadable(SocketTube.java:782)
	at java.net.http/jdk.internal.net.http.SocketTube$InternalReadPublisher$ReadEvent.signalEvent(SocketTube.java:965)
	at java.net.http/jdk.internal.net.http.SocketTube$SocketFlowEvent.handle(SocketTube.java:253)
	at java.net.http/jdk.internal.net.http.HttpClientImpl$SelectorManager.handleEvent(HttpClientImpl.java:1469)
	at java.net.http/jdk.internal.net.http.HttpClientImpl$SelectorManager.lambda$run$3(HttpClientImpl.java:1414)
	at java.base/java.util.ArrayList.forEach(ArrayList.java:1596)
	at java.net.http/jdk.internal.net.http.HttpClientImpl$SelectorManager.run(HttpClientImpl.java:1414)

]]></system-err>
  </testcase>
</testsuite>