<?xml version="1.0" encoding="UTF-8"?>
<testsuite xmlns:xsi="http://www.w3.org/2001/XMLSchema-instance" xsi:noNamespaceSchemaLocation="https://maven.apache.org/surefire/maven-surefire-plugin/xsd/surefire-test-report-3.0.xsd" version="3.0" name="TestRunner.Runner" time="83.348" tests="4" errors="0" skipped="0" failures="4">
  <properties>
[...]
</properties>
  <testcase name="runScenario[&quot;Successful login chrome browser&quot;, &quot;Login&quot;](1)" classname="TestRunner.Runner" time="28.793">
    <failure message="expected [true] but found [false]" type="java.lang.AssertionError"><![CDATA[java.lang.AssertionError: expected [true] but found [false]
	at org.testng.Assert.fail(Assert.java:111)
	at org.testng.Assert.failNotEquals(Assert.java:1590)
	at org.testng.Assert.assertTrue(Assert.java:57)
	at org.testng.Assert.assertTrue(Assert.java:67)
	at StepDefinition.StepDef.page_title_should_be(StepDef.java:115)
	at ✽.Page title should be "Dashboard / nopCommerce administration"(file:///C:/Users/HP/JavaFullStck/CucumberFramework/./Features/LoginFeature.feature:10)
]]></failure>
    <system-out><![CDATA[Reading browser name from config file
Browser name is: chrome
[INFO ] 2025-08-29 18:37:30.268 [main] StepDef - **********Launching Chrome Browser**********
[INFO ] 2025-08-29 18:37:30.498 [main] StepDef - **********Launching Chrome Browser2**********
[INFO ] 2025-08-29 18:37:32.828 [main] StepDef - **********Opening URL**********
[INFO ] 2025-08-29 18:37:38.280 [main] StepDef - **********Providing login details**********
[INFO ] 2025-08-29 18:37:42.916 [main] StepDef - **********Clicked on login button**********
Page title is as expected: Dashboard / nopCommerce administration
[WARN ] 2025-08-29 18:37:44.100 [main] StepDef - **********validated**********
]]></system-out>
    <system-err><![CDATA[SLF4J(W): No SLF4J providers were found.
SLF4J(W): Defaulting to no-operation (NOP) logger implementation
SLF4J(W): See https://www.slf4j.org/codes.html#noProviders for further details.
Aug 29, 2025 6:37:30 PM org.openqa.selenium.devtools.CdpVersionFinder findNearestMatch
WARNING: Unable to find an exact match for CDP version 139, returning the closest version; found: 138; Please update to a Selenium version that supports CDP version 139
]]></system-err>
  </testcase>
  <testcase name="runScenario[&quot;Successful login with valid credentials DDT&quot;, &quot;Login&quot;](2)" classname="TestRunner.Runner" time="12.435">
    <failure message="expected [true] but found [false]" type="java.lang.AssertionError"><![CDATA[java.lang.AssertionError: expected [true] but found [false]
	at org.testng.Assert.fail(Assert.java:111)
	at org.testng.Assert.failNotEquals(Assert.java:1590)
	at org.testng.Assert.assertTrue(Assert.java:57)
	at org.testng.Assert.assertTrue(Assert.java:67)
	at StepDefinition.StepDef.page_title_should_be(StepDef.java:115)
	at ✽.Page title should be "nopCommerce demo store. Login"(file:///C:/Users/HP/JavaFullStck/CucumberFramework/./Features/LoginFeature.feature:18)
]]></failure>
    <system-out><![CDATA[Reading browser name from config file
Browser name is: chrome
[INFO ] 2025-08-29 18:37:51.091 [main] StepDef - **********Launching Chrome Browser**********
[INFO ] 2025-08-29 18:37:51.097 [main] StepDef - **********Launching Chrome Browser2**********
[INFO ] 2025-08-29 18:37:52.510 [main] StepDef - **********Opening URL**********
[INFO ] 2025-08-29 18:37:57.680 [main] StepDef - **********Providing login details**********
[INFO ] 2025-08-29 18:37:59.016 [main] StepDef - **********Clicked on login button**********
]]></system-out>
    <system-err><![CDATA[Aug 29, 2025 6:37:51 PM org.openqa.selenium.devtools.CdpVersionFinder findNearestMatch
WARNING: Unable to find an exact match for CDP version 139, returning the closest version; found: 138; Please update to a Selenium version that supports CDP version 139
]]></system-err>
  </testcase>
  <testcase name="runScenario[&quot;Successful login with valid credentials DDT&quot;, &quot;Login&quot;](3)" classname="TestRunner.Runner" time="14.617">
    <failure message="expected [true] but found [false]" type="java.lang.AssertionError"><![CDATA[java.lang.AssertionError: expected [true] but found [false]
	at org.testng.Assert.fail(Assert.java:111)
	at org.testng.Assert.failNotEquals(Assert.java:1590)
	at org.testng.Assert.assertTrue(Assert.java:57)
	at org.testng.Assert.assertTrue(Assert.java:67)
	at StepDefinition.StepDef.page_title_should_be(StepDef.java:115)
	at ✽.Page title should be "nopCommerce demo store. Login"(file:///C:/Users/HP/JavaFullStck/CucumberFramework/./Features/LoginFeature.feature:18)
]]></failure>
    <system-out><![CDATA[Reading browser name from config file
Browser name is: chrome
[INFO ] 2025-08-29 18:38:04.843 [main] StepDef - **********Launching Chrome Browser**********
[INFO ] 2025-08-29 18:38:04.847 [main] StepDef - **********Launching Chrome Browser2**********
[INFO ] 2025-08-29 18:38:07.088 [main] StepDef - **********Opening URL**********
[INFO ] 2025-08-29 18:38:12.551 [main] StepDef - **********Providing login details**********
[INFO ] 2025-08-29 18:38:13.689 [main] StepDef - **********Clicked on login button**********
]]></system-out>
    <system-err><![CDATA[Aug 29, 2025 6:38:04 PM org.openqa.selenium.devtools.CdpVersionFinder findNearestMatch
WARNING: Unable to find an exact match for CDP version 139, returning the closest version; found: 138; Please update to a Selenium version that supports CDP version 139
]]></system-err>
  </testcase>
  <testcase name="runScenario[&quot;Successful login with valid credentials DDT&quot;, &quot;Login&quot;](4)" classname="TestRunner.Runner" time="20.353">
    <failure message="expected [true] but found [false]" type="java.lang.AssertionError"><![CDATA[java.lang.AssertionError: expected [true] but found [false]
	at org.testng.Assert.fail(Assert.java:111)
	at org.testng.Assert.failNotEquals(Assert.java:1590)
	at org.testng.Assert.assertTrue(Assert.java:57)
	at org.testng.Assert.assertTrue(Assert.java:67)
	at StepDefinition.StepDef.page_title_should_be(StepDef.java:115)
	at ✽.Page title should be "Dashboard / nopCommerce administration"(file:///C:/Users/HP/JavaFullStck/CucumberFramework/./Features/LoginFeature.feature:20)
]]></failure>
    <system-out><![CDATA[Reading browser name from config file
Browser name is: chrome
[INFO ] 2025-08-29 18:38:18.921 [main] StepDef - **********Launching Chrome Browser**********
[INFO ] 2025-08-29 18:38:18.927 [main] StepDef - **********Launching Chrome Browser2**********
[INFO ] 2025-08-29 18:38:20.436 [main] StepDef - **********Opening URL**********
[INFO ] 2025-08-29 18:38:25.728 [main] StepDef - **********Providing login details**********
[INFO ] 2025-08-29 18:38:29.162 [main] StepDef - **********Clicked on login button**********
Page title is as expected: Dashboard / nopCommerce administration
[WARN ] 2025-08-29 18:38:30.882 [main] StepDef - **********validated**********
]]></system-out>
    <system-err><![CDATA[Aug 29, 2025 6:38:18 PM org.openqa.selenium.devtools.CdpVersionFinder findNearestMatch
WARNING: Unable to find an exact match for CDP version 139, returning the closest version; found: 138; Please update to a Selenium version that supports CDP version 139
]]></system-err>
  </testcase>
</testsuite>